Change Component Comment : Designator=C14 Old Comment=1uF New Comment=0.1uF
Change Component Comment : Designator=C15 Old Comment=1uF New Comment=0.1uF
Change Component Designator: OldDesignator=C1 NewDesignator=C6
Change Component Designator: OldDesignator=C2 NewDesignator=C7
Change Component Designator: OldDesignator=C3 NewDesignator=C8
Change Component Designator: OldDesignator=C4 NewDesignator=C9
Change Component Designator: OldDesignator=C5 NewDesignator=C10
Change Component Designator: OldDesignator=C6 NewDesignator=C11
Change Component Designator: OldDesignator=C7 NewDesignator=C12
Change Component Designator: OldDesignator=C8 NewDesignator=C13
Change Component Designator: OldDesignator=C9 NewDesignator=C15
Change Component Designator: OldDesignator=C10 NewDesignator=C16
Change Component Designator: OldDesignator=C11 NewDesignator=C17
Change Component Designator: OldDesignator=C12 NewDesignator=C2
Change Component Designator: OldDesignator=C13 NewDesignator=C3
Change Component Designator: OldDesignator=C14 NewDesignator=C4
Change Component Designator: OldDesignator=C15 NewDesignator=C5
Change Component Designator: OldDesignator=C16 NewDesignator=C14
Change Component Designator: OldDesignator=STLinkV3 NewDesignator=STLinkV1
Change Component Designator: OldDesignator=U1 NewDesignator=U2
Change Component Designator: OldDesignator=U2 NewDesignator=U1
Change Component Designator: OldDesignator=USB NewDesignator=USB1
Added Component: Designator=C1(0402 Capacitor)
Added Pin To Net: NetName=GND Pin=C1-1
Added Pin To Net: NetName=+5 Pin=C1-2
Change Net Name : Old Net Name=NetC2_1 New Net Name=NetC7_1
Change Net Name : Old Net Name=NetC11_1 New Net Name=NetC17_1
Added Member To Class: ClassName=Main Member=Component B8 PTS540JM035SMTR LFS
Added Member To Class: ClassName=Main Member=Component C15 0.1uF
Added Member To Class: ClassName=Main Member=Component C17 4.7uF
