Added Component: Designator=U1(STM32H503)
Added Pin To Net: NetName=+3V3 Pin=U1-1
Added Pin To Net: NetName=OSC32_IN Pin=U1-3
Added Pin To Net: NetName=OSC32_OUT Pin=U1-4
Added Pin To Net: NetName=OSC_IN Pin=U1-5
Added Pin To Net: NetName=OSC_OUT Pin=U1-6
Added Pin To Net: NetName=NRST Pin=U1-7
Added Pin To Net: NetName=GND Pin=U1-8
Added Pin To Net: NetName=+3V3 Pin=U1-9
Added Pin To Net: NetName=PA0 Pin=U1-10
Added Pin To Net: NetName=PA2 Pin=U1-12
Added Pin To Net: NetName=PA3 Pin=U1-13
Added Pin To Net: NetName=PA4 Pin=U1-14
Added Pin To Net: NetName=PB1 Pin=U1-19
Added Pin To Net: NetName=NetC11_1 Pin=U1-22
Added Pin To Net: NetName=GND Pin=U1-23
Added Pin To Net: NetName=+3V3 Pin=U1-24
Added Pin To Net: NetName=USB_N Pin=U1-32
Added Pin To Net: NetName=USB_P Pin=U1-33
Added Pin To Net: NetName=SWDIO Pin=U1-34
Added Pin To Net: NetName=GND Pin=U1-35
Added Pin To Net: NetName=+3V3 Pin=U1-36
Added Pin To Net: NetName=SWCLK Pin=U1-37
Added Pin To Net: NetName=JTDI Pin=U1-38
Added Pin To Net: NetName=JTDO Pin=U1-39
Added Pin To Net: NetName=PB4 Pin=U1-40
Added Pin To Net: NetName=PB5 Pin=U1-41
Added Pin To Net: NetName=PB7 Pin=U1-43
Added Pin To Net: NetName=BOOT0 Pin=U1-44
Added Pin To Net: NetName=NetC2_1 Pin=U1-46
Added Pin To Net: NetName=GND Pin=U1-47
Added Pin To Net: NetName=+3V3 Pin=U1-48
Added Member To Class: ClassName=Main Member=Component B? PTS540JM035SMTR LFS
Added Member To Class: ClassName=Main Member=Component B? PTS540JM035SMTR LFS
Added Member To Class: ClassName=Main Member=Component B? PTS540JM035SMTR LFS
Added Member To Class: ClassName=Main Member=Component B? PTS540JM035SMTR LFS
Added Member To Class: ClassName=Main Member=Component B? PTS540JM035SMTR LFS
Added Member To Class: ClassName=Main Member=Component B? PTS540JM035SMTR LFS
Added Member To Class: ClassName=Main Member=Component B? PTS540JM035SMTR LFS
Added Member To Class: ClassName=Main Member=Component C? 1uF
Added Member To Class: ClassName=Main Member=Component C? 1uF
Added Member To Class: ClassName=Main Member=Component C? 1uF
Added Member To Class: ClassName=Main Member=Component J? UJ32-C-V-G-FMT-3-P24
Added Member To Class: ClassName=Main Member=Component R? 5.1k
Added Member To Class: ClassName=Main Member=Component U1 STM32H503CBT6
