Change Component Designator: OldDesignator=B? NewDesignator=B1
Change Component Designator: OldDesignator=B? NewDesignator=B2
Change Component Designator: OldDesignator=B? NewDesignator=B3
Change Component Designator: OldDesignator=B? NewDesignator=B4
Change Component Designator: OldDesignator=B? NewDesignator=B5
Change Component Designator: OldDesignator=B? NewDesignator=B6
Change Component Designator: OldDesignator=B? NewDesignator=B7
Change Component Designator: OldDesignator=B? NewDesignator=B8
Change Component Designator: OldDesignator=B? NewDesignator=B9
Change Component Designator: OldDesignator=C? NewDesignator=C12
Change Component Designator: OldDesignator=C? NewDesignator=C13
Change Component Designator: OldDesignator=C? NewDesignator=C14
Change Component Designator: OldDesignator=C? NewDesignator=C15
Change Component Designator: OldDesignator=C? NewDesignator=C16
Change Component Designator: OldDesignator=D? NewDesignator=D1
Change Component Designator: OldDesignator=D? NewDesignator=D2
Change Component Designator: OldDesignator=R? NewDesignator=R1
Change Component Designator: OldDesignator=R? NewDesignator=R2
Change Component Designator: OldDesignator=R? NewDesignator=R3
Change Component Designator: OldDesignator=R? NewDesignator=R4
Change Component Designator: OldDesignator=U? NewDesignator=U2
Change Net Name : Old Net Name=NetD?_2 New Net Name=NetD1_2
Change Net Name : Old Net Name=NetR?_1 New Net Name=NetR3_1
Change Net Name : Old Net Name=NetR?_1 New Net Name=NetR4_1
Added Member To Class: ClassName=Main Member=Component B1 PTS540JM035SMTR LFS
Added Member To Class: ClassName=Main Member=Component B2 PTS540JM035SMTR LFS
Added Member To Class: ClassName=Main Member=Component B3 PTS540JM035SMTR LFS
Added Member To Class: ClassName=Main Member=Component B4 PTS540JM035SMTR LFS
Added Member To Class: ClassName=Main Member=Component B5 PTS540JM035SMTR LFS
Added Member To Class: ClassName=Main Member=Component B6 PTS540JM035SMTR LFS
Added Member To Class: ClassName=Main Member=Component B7 PTS540JM035SMTR LFS
Added Member To Class: ClassName=Main Member=Component B9 PTS540JM035SMTR LFS
Added Member To Class: ClassName=Main Member=Component C12 1uF
Added Member To Class: ClassName=Main Member=Component C13 1uF
Added Member To Class: ClassName=Main Member=Component C14 1uF
Added Member To Class: ClassName=Main Member=Component C16 1uF
Added Member To Class: ClassName=Main Member=Component D1 DFLS130L-7
Added Member To Class: ClassName=Main Member=Component R1 5.1k
Added Member To Class: ClassName=Main Member=Component R2 5.1k
Added Member To Class: ClassName=Main Member=Component R4 5.1k
