Change Component Designator: OldDesignator=C6 NewDesignator=C10
Change Component Designator: OldDesignator=C7 NewDesignator=C11
Change Component Designator: OldDesignator=C8 NewDesignator=C12
Change Component Designator: OldDesignator=C9 NewDesignator=C13
Change Component Designator: OldDesignator=C10 NewDesignator=C14
Change Component Designator: OldDesignator=C11 NewDesignator=C15
Change Component Designator: OldDesignator=C12 NewDesignator=C16
Change Component Designator: OldDesignator=C13 NewDesignator=C17
Change Component Designator: OldDesignator=C14 NewDesignator=C18
Change Component Designator: OldDesignator=C15 NewDesignator=C19
Change Component Designator: OldDesignator=C16 NewDesignator=C20
Change Component Designator: OldDesignator=C17 NewDesignator=C21
Added Component: Designator=C6(0402 Capacitor)
Added Component: Designator=C7(0402 Capacitor)
Added Component: Designator=C8(0402 Capacitor)
Added Component: Designator=C9(0402 Capacitor)
Added Pin To Net: NetName=GND Pin=C6-1
Added Pin To Net: NetName=+3V3 Pin=C6-2
Added Pin To Net: NetName=GND Pin=C7-1
Added Pin To Net: NetName=+3V3 Pin=C7-2
Added Pin To Net: NetName=GND Pin=C8-1
Added Pin To Net: NetName=+3V3 Pin=C8-2
Added Pin To Net: NetName=GND Pin=C9-1
Added Pin To Net: NetName=+3V3 Pin=C9-2
Change Net Name : Old Net Name=NetC7_1 New Net Name=NetC11_1
Change Net Name : Old Net Name=NetC17_1 New Net Name=NetC21_1
Added Member To Class: ClassName=Main Member=Component C1 1uF
Added Member To Class: ClassName=Main Member=Component C2 1uF
Added Member To Class: ClassName=Main Member=Component C5 0.1uF
Added Member To Class: ClassName=Main Member=Component C6 0.1uF
Added Member To Class: ClassName=Main Member=Component C8 0.1uF
Added Member To Class: ClassName=Main Member=Component C9 0.1uF
Added Member To Class: ClassName=Main Member=Component C11 4.7uF
Added Member To Class: ClassName=Main Member=Component C12 20pF
Added Member To Class: ClassName=Main Member=Component C14 0.1uF
Added Member To Class: ClassName=Main Member=Component C16 20pF
Added Member To Class: ClassName=Main Member=Component C18 1uF
Added Member To Class: ClassName=Main Member=Component C19 0.1uF
Added Member To Class: ClassName=Main Member=Component C20 0.1uF
Added Member To Class: ClassName=Main Member=Component C21 4.7uF
Added Member To Class: ClassName=Main Member=Component U2 STM32H503CBT6
