Removed Member From Class: ClassName=Main Member=X1
Removed Member From Class: ClassName=Main Member=X2
Removed Member From Class: ClassName=Main Member=X3
Removed Member From Class: ClassName=Main Member=X4
Removed Member From Class: ClassName=Main Member=X5
Removed Member From Class: ClassName=Main Member=X6
Removed Member From Class: ClassName=Main Member=X7
Removed Member From Class: ClassName=Main Member=X8
Added Component: Designator=*(UJ32-C-V-G-FMT-2-P24)
Added Component: Designator=B?(PTS540JM035SMTR LFS)
Added Component: Designator=B?(PTS540JM035SMTR LFS)
Added Component: Designator=B?(PTS540JM035SMTR LFS)
Added Component: Designator=B?(PTS540JM035SMTR LFS)
Added Component: Designator=B?(PTS540JM035SMTR LFS)
Added Component: Designator=B?(PTS540JM035SMTR LFS)
Added Component: Designator=B?(PTS540JM035SMTR LFS)
Added Component: Designator=B?(PTS540JM035SMTR LFS)
Change Net Name : Old Net Name=A_I2C_SDA New Net Name=PB7
Change Net Name : Old Net Name=ADC1_INN1 New Net Name=PA0
Change Net Name : Old Net Name=ADC1_INP4 New Net Name=PA2
Change Net Name : Old Net Name=ADC1_INP15 New Net Name=PA3
Change Net Name : Old Net Name=DAC1_OUT1 New Net Name=PA4
Change Net Name : Old Net Name=RX_CAN New Net Name=PB5
Change Net Name : Old Net Name=TX_CAN New Net Name=PB4
Change Net Name : Old Net Name=Z_nRESET New Net Name=PB1
Added Member To Class: ClassName=Main Member=Component * UJ32-C-V-G-FMT-2-P24
Added Member To Class: ClassName=Main Member=Component B? PTS540JM035SMTR LFS
Added Member To Class: ClassName=Main Member=Component B? PTS540JM035SMTR LFS
Added Member To Class: ClassName=Main Member=Component B? PTS540JM035SMTR LFS
Added Member To Class: ClassName=Main Member=Component B? PTS540JM035SMTR LFS
Added Member To Class: ClassName=Main Member=Component B? PTS540JM035SMTR LFS
Added Member To Class: ClassName=Main Member=Component B? PTS540JM035SMTR LFS
Added Member To Class: ClassName=Main Member=Component B? PTS540JM035SMTR LFS
Added Member To Class: ClassName=Main Member=Component B? PTS540JM035SMTR LFS
