Added Component: Designator=BOOT0(PTS540JM035SMTR LFS)
Added Component: Designator=BUTTON1(PTS540JM035SMTR LFS)
Added Component: Designator=BUTTON2(PTS540JM035SMTR LFS)
Added Component: Designator=BUTTON3(PTS540JM035SMTR LFS)
Added Component: Designator=C1(0402 Capacitor)
Added Component: Designator=C2(0402 Capacitor)
Added Component: Designator=C3(0402 Capacitor)
Added Component: Designator=C4(0402 Capacitor)
Added Component: Designator=C5(0402 Capacitor)
Added Component: Designator=C6(0402 Capacitor)
Added Component: Designator=C7(0402 Capacitor)
Added Component: Designator=C8(0402 Capacitor)
Added Component: Designator=C9(0402 Capacitor)
Added Component: Designator=C10(0402 Capacitor)
Added Component: Designator=C11(0402 Capacitor)
Added Component: Designator=C12(0402 Capacitor)
Added Component: Designator=C13(0402 Capacitor)
Added Component: Designator=C14(0402 Capacitor)
Added Component: Designator=C15(0402 Capacitor)
Added Component: Designator=C16(0402 Capacitor)
Added Component: Designator=C17(0402 Capacitor)
Added Component: Designator=C18(0402 Capacitor)
Added Component: Designator=C19(0402 Capacitor)
Added Component: Designator=C20(0402 Capacitor)
Added Component: Designator=C21(0402 Capacitor)
Added Component: Designator=D1(PCBComponent_1)
Added Component: Designator=D2(0603 LED)
Added Component: Designator=D3(0603 LED)
Added Component: Designator=D4(0603 LED)
Added Component: Designator=D5(0603 LED)
Added Component: Designator=D6(0603 LED)
Added Component: Designator=D7(USBLC6-2SC6)
Added Component: Designator=D8(0603 LED)
Added Component: Designator=D9(0603 LED)
Added Component: Designator=D10(0603 LED)
Added Component: Designator=D11(0603 LED)
Added Component: Designator=D12(0603 LED)
Added Component: Designator=D13(0603 LED)
Added Component: Designator=D14(0603 LED)
Added Component: Designator=D15(0603 LED)
Added Component: Designator=D16(0603 LED)
Added Component: Designator=J1(Custom_header)
Added Component: Designator=R1(0402 Resistor)
Added Component: Designator=R2(0402 Resistor)
Added Component: Designator=R3(0402 Resistor)
Added Component: Designator=R4(0402 Resistor)
Added Component: Designator=R5(0402 Resistor)
Added Component: Designator=R6(0402 Resistor)
Added Component: Designator=R7(0402 Resistor)
Added Component: Designator=R8(0402 Resistor)
Added Component: Designator=R9(0402 Resistor)
Added Component: Designator=R10(0402 Resistor)
Added Component: Designator=R11(0402 Resistor)
Added Component: Designator=R12(0402 Resistor)
Added Component: Designator=R13(0402 Resistor)
Added Component: Designator=R14(0402 Resistor)
Added Component: Designator=R15(0402 Resistor)
Added Component: Designator=R16(0402 Resistor)
Added Component: Designator=R17(0402 Resistor)
Added Component: Designator=R18(0402 Resistor)
Added Component: Designator=R19(0402 Resistor)
Added Component: Designator=R20(0402 Resistor)
Added Component: Designator=R21(0402 Resistor)
Added Component: Designator=RESET(PTS540JM035SMTR LFS)
Added Component: Designator=STLinkV1(20021111-00014T1LF)
Added Component: Designator=U1(TLV1117LV33DCYR)
Added Component: Designator=U2(STM32H503)
Added Component: Designator=USB1(UJ32-C-V-G-FMT-3-P24)
Added Component: Designator=Y1(FP-ABS07L-MFG)
Add component (AddParameter): Name = "Case/Package"; Value = "SMD/SMT"; VariantName = "[No Variations]"
Add component (AddParameter): Name = "ESR (Equivalent Series Resistance)"; Value = "55kR"; VariantName = "[No Variations]"
Add component (AddParameter): Name = "Frequency"; Value = "32.768kHz"; VariantName = "[No Variations]"
Add component (AddParameter): Name = "Frequency Tolerance"; Value = "20ppm"; VariantName = "[No Variations]"
Add component (AddParameter): Name = "Height"; Value = "0.015inch"; VariantName = "[No Variations]"
Add component (AddParameter): Name = "Lead Free"; Value = "Lead Free"; VariantName = "[No Variations]"
Add component (AddParameter): Name = "Length"; Value = "0.126inch"; VariantName = "[No Variations]"
Add component (AddParameter): Name = "Load Capacitance"; Value = "12.5pF"; VariantName = "[No Variations]"
Add component (AddParameter): Name = "Max Operating Temperature"; Value = "85°C"; VariantName = "[No Variations]"
Add component (AddParameter): Name = "Min Operating Temperature"; Value = "-40°C"; VariantName = "[No Variations]"
Add component (AddParameter): Name = "Mount"; Value = "Surface Mount"; VariantName = "[No Variations]"
Add component (AddParameter): Name = "Number of Pins"; Value = "2"; VariantName = "[No Variations]"
Add component (AddParameter): Name = "Package Quantity"; Value = "1"; VariantName = "[No Variations]"
Add component (AddParameter): Name = "Packaging"; Value = "Tape and Reel"; VariantName = "[No Variations]"
Add component (AddParameter): Name = "Radiation Hardening"; Value = "No"; VariantName = "[No Variations]"
Add component (AddParameter): Name = "RoHS Compliant"; Value = "Yes"; VariantName = "[No Variations]"
Add component (AddParameter): Name = "Series"; Value = "ABS07L"; VariantName = "[No Variations]"
Add component (AddParameter): Name = "Series Resistance"; Value = "55kR"; VariantName = "[No Variations]"
Add component (AddParameter): Name = "Termination"; Value = "SMD/SMT"; VariantName = "[No Variations]"
Add component (AddParameter): Name = "Tolerance"; Value = "20ppm"; VariantName = "[No Variations]"
Add component (AddParameter): Name = "Width"; Value = "0.059inch"; VariantName = "[No Variations]"
Added Component: Designator=Y2(CX2016DB16000D0WZRC1)
Added Pin To Net: NetName=+3V3 Pin=BOOT0-3
Added Pin To Net: NetName=+3V3 Pin=BOOT0-4
Added Pin To Net: NetName=+3V3 Pin=BUTTON1-3
Added Pin To Net: NetName=+3V3 Pin=BUTTON1-4
Added Pin To Net: NetName=+3V3 Pin=BUTTON2-3
Added Pin To Net: NetName=+3V3 Pin=BUTTON2-4
Added Pin To Net: NetName=+3V3 Pin=BUTTON3-3
Added Pin To Net: NetName=+3V3 Pin=BUTTON3-4
Added Pin To Net: NetName=+3V3 Pin=C4-2
Added Pin To Net: NetName=+3V3 Pin=C5-2
Added Pin To Net: NetName=+3V3 Pin=C6-2
Added Pin To Net: NetName=+3V3 Pin=C7-2
Added Pin To Net: NetName=+3V3 Pin=C8-2
Added Pin To Net: NetName=+3V3 Pin=C9-2
Added Pin To Net: NetName=+3V3 Pin=C13-1
Added Pin To Net: NetName=+3V3 Pin=C14-1
Added Pin To Net: NetName=+3V3 Pin=C15-1
Added Pin To Net: NetName=+3V3 Pin=C19-1
Added Pin To Net: NetName=+3V3 Pin=C20-1
Added Pin To Net: NetName=+3V3 Pin=J1-10
Added Pin To Net: NetName=+3V3 Pin=R2-1
Added Pin To Net: NetName=+3V3 Pin=R9-1
Added Pin To Net: NetName=+3V3 Pin=STLinkV1-1
Added Pin To Net: NetName=+3V3 Pin=U1-2
Added Pin To Net: NetName=+3V3 Pin=U1-4
Added Pin To Net: NetName=+3V3 Pin=U2-1
Added Pin To Net: NetName=+3V3 Pin=U2-9
Added Pin To Net: NetName=+3V3 Pin=U2-24
Added Pin To Net: NetName=+3V3 Pin=U2-36
Added Pin To Net: NetName=+3V3 Pin=U2-48
Added Net: Name=+3V3
Added Pin To Net: NetName=+5 Pin=C1-2
Added Pin To Net: NetName=+5 Pin=C2-2
Added Pin To Net: NetName=+5 Pin=C3-2
Added Pin To Net: NetName=+5 Pin=D1-1
Added Pin To Net: NetName=+5 Pin=D7-5
Added Pin To Net: NetName=+5 Pin=J1-11
Added Pin To Net: NetName=+5 Pin=R8-1
Added Pin To Net: NetName=+5 Pin=U1-3
Added Net: Name=+5
Added Pin To Net: NetName=BOOT0 Pin=BOOT0-1
Added Pin To Net: NetName=BOOT0 Pin=BOOT0-2
Added Pin To Net: NetName=BOOT0 Pin=R1-1
Added Pin To Net: NetName=BOOT0 Pin=U2-44
Added Net: Name=BOOT0
Added Pin To Net: NetName=GND Pin=C1-1
Added Pin To Net: NetName=GND Pin=C2-1
Added Pin To Net: NetName=GND Pin=C3-1
Added Pin To Net: NetName=GND Pin=C4-1
Added Pin To Net: NetName=GND Pin=C5-1
Added Pin To Net: NetName=GND Pin=C6-1
Added Pin To Net: NetName=GND Pin=C7-1
Added Pin To Net: NetName=GND Pin=C8-1
Added Pin To Net: NetName=GND Pin=C9-1
Added Pin To Net: NetName=GND Pin=C10-1
Added Pin To Net: NetName=GND Pin=C11-2
Added Pin To Net: NetName=GND Pin=C12-1
Added Pin To Net: NetName=GND Pin=C13-2
Added Pin To Net: NetName=GND Pin=C14-2
Added Pin To Net: NetName=GND Pin=C15-2
Added Pin To Net: NetName=GND Pin=C16-1
Added Pin To Net: NetName=GND Pin=C17-1
Added Pin To Net: NetName=GND Pin=C18-1
Added Pin To Net: NetName=GND Pin=C19-2
Added Pin To Net: NetName=GND Pin=C20-2
Added Pin To Net: NetName=GND Pin=C21-2
Added Pin To Net: NetName=GND Pin=D2-1
Added Pin To Net: NetName=GND Pin=D3-1
Added Pin To Net: NetName=GND Pin=D4-1
Added Pin To Net: NetName=GND Pin=D5-1
Added Pin To Net: NetName=GND Pin=D6-1
Added Pin To Net: NetName=GND Pin=D7-2
Added Pin To Net: NetName=GND Pin=D8-1
Added Pin To Net: NetName=GND Pin=D9-1
Added Pin To Net: NetName=GND Pin=D10-1
Added Pin To Net: NetName=GND Pin=D11-1
Added Pin To Net: NetName=GND Pin=D12-1
Added Pin To Net: NetName=GND Pin=D13-1
Added Pin To Net: NetName=GND Pin=D14-1
Added Pin To Net: NetName=GND Pin=D15-1
Added Pin To Net: NetName=GND Pin=D16-1
Added Pin To Net: NetName=GND Pin=J1-5
Added Pin To Net: NetName=GND Pin=J1-12
Added Pin To Net: NetName=GND Pin=R1-2
Added Pin To Net: NetName=GND Pin=R3-2
Added Pin To Net: NetName=GND Pin=R4-2
Added Pin To Net: NetName=GND Pin=R5-2
Added Pin To Net: NetName=GND Pin=R6-2
Added Pin To Net: NetName=GND Pin=R7-2
Added Pin To Net: NetName=GND Pin=RESET-3
Added Pin To Net: NetName=GND Pin=RESET-4
Added Pin To Net: NetName=GND Pin=STLinkV1-3
Added Pin To Net: NetName=GND Pin=STLinkV1-5
Added Pin To Net: NetName=GND Pin=STLinkV1-9
Added Pin To Net: NetName=GND Pin=U1-1
Added Pin To Net: NetName=GND Pin=U2-8
Added Pin To Net: NetName=GND Pin=U2-23
Added Pin To Net: NetName=GND Pin=U2-35
Added Pin To Net: NetName=GND Pin=U2-47
Added Pin To Net: NetName=GND Pin=USB1-A1
Added Pin To Net: NetName=GND Pin=USB1-A12
Added Pin To Net: NetName=GND Pin=USB1-B1
Added Pin To Net: NetName=GND Pin=USB1-B12
Added Pin To Net: NetName=GND Pin=USB1-SH1
Added Pin To Net: NetName=GND Pin=USB1-SH2
Added Pin To Net: NetName=GND Pin=USB1-SH3
Added Pin To Net: NetName=GND Pin=USB1-SH4
Added Pin To Net: NetName=GND Pin=Y2-2
Added Net: Name=GND
Added Pin To Net: NetName=JTDI Pin=STLinkV1-8
Added Pin To Net: NetName=JTDI Pin=U2-38
Added Net: Name=JTDI
Added Pin To Net: NetName=JTDO Pin=STLinkV1-6
Added Pin To Net: NetName=JTDO Pin=U2-39
Added Net: Name=JTDO
Added Pin To Net: NetName=N\R\S\T\ Pin=C18-2
Added Pin To Net: NetName=N\R\S\T\ Pin=R2-2
Added Pin To Net: NetName=N\R\S\T\ Pin=RESET-1
Added Pin To Net: NetName=N\R\S\T\ Pin=RESET-2
Added Pin To Net: NetName=N\R\S\T\ Pin=U2-7
Added Net: Name=N\R\S\T\
Added Pin To Net: NetName=NetC11_1 Pin=C11-1
Added Pin To Net: NetName=NetC11_1 Pin=U2-46
Added Net: Name=NetC11_1
Added Pin To Net: NetName=NetC21_1 Pin=C21-1
Added Pin To Net: NetName=NetC21_1 Pin=U2-22
Added Net: Name=NetC21_1
Added Pin To Net: NetName=NetD1_2 Pin=D1-2
Added Pin To Net: NetName=NetD1_2 Pin=USB1-A4
Added Pin To Net: NetName=NetD1_2 Pin=USB1-A9
Added Pin To Net: NetName=NetD1_2 Pin=USB1-B4
Added Pin To Net: NetName=NetD1_2 Pin=USB1-B9
Added Net: Name=NetD1_2
Added Pin To Net: NetName=NetD2_2 Pin=D2-2
Added Pin To Net: NetName=NetD2_2 Pin=R8-2
Added Net: Name=NetD2_2
Added Pin To Net: NetName=NetD3_2 Pin=D3-2
Added Pin To Net: NetName=NetD3_2 Pin=R9-2
Added Net: Name=NetD3_2
Added Pin To Net: NetName=NetD4_2 Pin=D4-2
Added Pin To Net: NetName=NetD4_2 Pin=R10-2
Added Net: Name=NetD4_2
Added Pin To Net: NetName=NetD5_2 Pin=D5-2
Added Pin To Net: NetName=NetD5_2 Pin=R11-2
Added Net: Name=NetD5_2
Added Pin To Net: NetName=NetD6_2 Pin=D6-2
Added Pin To Net: NetName=NetD6_2 Pin=R12-2
Added Net: Name=NetD6_2
Added Pin To Net: NetName=NetD8_2 Pin=D8-2
Added Pin To Net: NetName=NetD8_2 Pin=R13-2
Added Net: Name=NetD8_2
Added Pin To Net: NetName=NetD9_2 Pin=D9-2
Added Pin To Net: NetName=NetD9_2 Pin=R14-2
Added Net: Name=NetD9_2
Added Pin To Net: NetName=NetD10_2 Pin=D10-2
Added Pin To Net: NetName=NetD10_2 Pin=R15-2
Added Net: Name=NetD10_2
Added Pin To Net: NetName=NetD11_2 Pin=D11-2
Added Pin To Net: NetName=NetD11_2 Pin=R16-2
Added Net: Name=NetD11_2
Added Pin To Net: NetName=NetD12_2 Pin=D12-2
Added Pin To Net: NetName=NetD12_2 Pin=R17-2
Added Net: Name=NetD12_2
Added Pin To Net: NetName=NetD13_2 Pin=D13-2
Added Pin To Net: NetName=NetD13_2 Pin=R18-2
Added Net: Name=NetD13_2
Added Pin To Net: NetName=NetD14_2 Pin=D14-2
Added Pin To Net: NetName=NetD14_2 Pin=R19-2
Added Net: Name=NetD14_2
Added Pin To Net: NetName=NetD15_2 Pin=D15-2
Added Pin To Net: NetName=NetD15_2 Pin=R20-2
Added Net: Name=NetD15_2
Added Pin To Net: NetName=NetD16_2 Pin=D16-2
Added Pin To Net: NetName=NetD16_2 Pin=R21-2
Added Net: Name=NetD16_2
Added Pin To Net: NetName=NetR3_1 Pin=R3-1
Added Pin To Net: NetName=NetR3_1 Pin=USB1-A5
Added Net: Name=NetR3_1
Added Pin To Net: NetName=NetR4_1 Pin=R4-1
Added Pin To Net: NetName=NetR4_1 Pin=USB1-B5
Added Net: Name=NetR4_1
Added Pin To Net: NetName=OSC32_IN Pin=C10-2
Added Pin To Net: NetName=OSC32_IN Pin=U2-3
Added Pin To Net: NetName=OSC32_IN Pin=Y1-2
Added Net: Name=OSC32_IN
Added Pin To Net: NetName=OSC32_OUT Pin=C12-2
Added Pin To Net: NetName=OSC32_OUT Pin=U2-4
Added Pin To Net: NetName=OSC32_OUT Pin=Y1-1
Added Net: Name=OSC32_OUT
Added Pin To Net: NetName=OSC_IN Pin=C16-2
Added Pin To Net: NetName=OSC_IN Pin=U2-5
Added Pin To Net: NetName=OSC_IN Pin=Y2-1
Added Net: Name=OSC_IN
Added Pin To Net: NetName=OSC_OUT Pin=C17-2
Added Pin To Net: NetName=OSC_OUT Pin=U2-6
Added Pin To Net: NetName=OSC_OUT Pin=Y2-3
Added Net: Name=OSC_OUT
Added Pin To Net: NetName=PA0 Pin=J1-4
Added Pin To Net: NetName=PA0 Pin=U2-10
Added Net: Name=PA0
Added Pin To Net: NetName=PA1 Pin=R11-1
Added Pin To Net: NetName=PA1 Pin=U2-11
Added Net: Name=PA1
Added Pin To Net: NetName=PA2 Pin=J1-3
Added Pin To Net: NetName=PA2 Pin=U2-12
Added Net: Name=PA2
Added Pin To Net: NetName=PA3 Pin=J1-2
Added Pin To Net: NetName=PA3 Pin=U2-13
Added Net: Name=PA3
Added Pin To Net: NetName=PA4 Pin=J1-1
Added Pin To Net: NetName=PA4 Pin=U2-14
Added Net: Name=PA4
Added Pin To Net: NetName=PA5 Pin=R14-1
Added Pin To Net: NetName=PA5 Pin=U2-15
Added Net: Name=PA5
Added Pin To Net: NetName=PA6 Pin=R17-1
Added Pin To Net: NetName=PA6 Pin=U2-16
Added Net: Name=PA6
Added Pin To Net: NetName=PA7 Pin=R20-1
Added Pin To Net: NetName=PA7 Pin=U2-17
Added Net: Name=PA7
Added Pin To Net: NetName=PA8 Pin=BUTTON3-1
Added Pin To Net: NetName=PA8 Pin=BUTTON3-2
Added Pin To Net: NetName=PA8 Pin=R7-1
Added Pin To Net: NetName=PA8 Pin=U2-29
Added Net: Name=PA8
Added Pin To Net: NetName=PA9 Pin=BUTTON1-1
Added Pin To Net: NetName=PA9 Pin=BUTTON1-2
Added Pin To Net: NetName=PA9 Pin=R5-1
Added Pin To Net: NetName=PA9 Pin=U2-30
Added Net: Name=PA9
Added Pin To Net: NetName=PA10 Pin=BUTTON2-1
Added Pin To Net: NetName=PA10 Pin=BUTTON2-2
Added Pin To Net: NetName=PA10 Pin=R6-1
Added Pin To Net: NetName=PA10 Pin=U2-31
Added Net: Name=PA10
Added Pin To Net: NetName=PB0 Pin=R13-1
Added Pin To Net: NetName=PB0 Pin=U2-18
Added Net: Name=PB0
Added Pin To Net: NetName=PB1 Pin=U2-19
Added Net: Name=PB1
Added Pin To Net: NetName=PB2 Pin=R16-1
Added Pin To Net: NetName=PB2 Pin=U2-20
Added Net: Name=PB2
Added Pin To Net: NetName=PB4 Pin=J1-9
Added Pin To Net: NetName=PB4 Pin=U2-40
Added Net: Name=PB4
Added Pin To Net: NetName=PB5 Pin=J1-8
Added Pin To Net: NetName=PB5 Pin=U2-41
Added Net: Name=PB5
Added Pin To Net: NetName=PB6 Pin=J1-7
Added Pin To Net: NetName=PB6 Pin=U2-42
Added Net: Name=PB6
Added Pin To Net: NetName=PB7 Pin=J1-6
Added Pin To Net: NetName=PB7 Pin=U2-43
Added Net: Name=PB7
Added Pin To Net: NetName=PB10 Pin=R19-1
Added Pin To Net: NetName=PB10 Pin=U2-21
Added Net: Name=PB10
Added Pin To Net: NetName=PB12 Pin=R21-1
Added Pin To Net: NetName=PB12 Pin=U2-25
Added Net: Name=PB12
Added Pin To Net: NetName=PB13 Pin=R18-1
Added Pin To Net: NetName=PB13 Pin=U2-26
Added Net: Name=PB13
Added Pin To Net: NetName=PB14 Pin=R15-1
Added Pin To Net: NetName=PB14 Pin=U2-27
Added Net: Name=PB14
Added Pin To Net: NetName=PB15 Pin=R12-1
Added Pin To Net: NetName=PB15 Pin=U2-28
Added Net: Name=PB15
Added Pin To Net: NetName=PC13 Pin=R10-1
Added Pin To Net: NetName=PC13 Pin=U2-2
Added Net: Name=PC13
Added Pin To Net: NetName=SWCLK Pin=STLinkV1-4
Added Pin To Net: NetName=SWCLK Pin=U2-37
Added Net: Name=SWCLK
Added Pin To Net: NetName=SWDIO Pin=STLinkV1-2
Added Pin To Net: NetName=SWDIO Pin=U2-34
Added Net: Name=SWDIO
Added Pin To Net: NetName=USB1_N Pin=D7-6
Added Pin To Net: NetName=USB1_N Pin=USB1-A7
Added Pin To Net: NetName=USB1_N Pin=USB1-B7
Added Net: Name=USB1_N
Added Pin To Net: NetName=USB1_P Pin=D7-4
Added Pin To Net: NetName=USB1_P Pin=USB1-A6
Added Pin To Net: NetName=USB1_P Pin=USB1-B6
Added Net: Name=USB1_P
Added Pin To Net: NetName=USB_N Pin=D7-1
Added Pin To Net: NetName=USB_N Pin=U2-32
Added Net: Name=USB_N
Added Pin To Net: NetName=USB_P Pin=D7-3
Added Pin To Net: NetName=USB_P Pin=U2-33
Added Net: Name=USB_P
Added Class: Name=Main
Added Class: Name=Power
Added Differential Pair: Name=USB1
Added Differential Pair: Name=USB
Added Rule: Name=Schematic Supply Nets
Added Rule: Name=Schematic Supply Nets_1
Added Rule: Name=Schematic Supply Nets_2
Added Class: Name=USB 90
Added Class: Name=USB1 90
